<?xml version="1.0" encoding="UTF-8"?>
<testsuites name="New Test Suite" time="46" tests="3" failures="0" errors="0">
   <testsuite name="New Test Suite" tests="3" failures="0" errors="0" time="46" timestamp="2020-01-22 15:06:15" hostname="slk - WSLKCMP4FT2-19.SLKSOFT.COM" id="Test Suites/New Test Suite">
      <properties>
         <property name="deviceName" value=""/>
         <property name="devicePlatform" value=""/>
         <property name="logFolder" value="C:\\Automation Scripts\\Training_Day1_web\\Reports\\New Test Suite\\20200122_150611"/>
         <property name="logFiles" value="C:\\Automation Scripts\\Training_Day1_web\\Reports\\New Test Suite\\20200122_150611\\execution0.log"/>
         <property name="attachments" value=""/>
         <property name="hostName" value="slk - WSLKCMP4FT2-19.SLKSOFT.COM"/>
         <property name="os" value="Windows 8.1 64bit"/>
         <property name="katalonVersion" value="6.1.4.1"/>
         <property name="browser" value="Chrome 79.0.3945.130"/>
         <property name="hostAddress" value="10.60.24.126"/>
         <property name="sessionId" value="8b0821d556adcd65d2bb6fb7735a0ed3"/>
         <property name="seleniumVersion" value="3.7.1"/>
         <property name="proxyInformation" value="ProxyInformation{proxyOption=NO_PROXY, proxyServerType=HTTP, password=, proxyServerAddress=, proxyServerPort=0}"/>
         <property name="platform" value="Windows 8.1"/>
      </properties>
      <testcase name="Test Cases/Day1/2020_01_20_OrHM_Manual" classname="Test Cases/Day1/2020_01_20_OrHM_Manual" status="PASSED">
         <system-out><![CDATA[2020-01-22 15:06:15 - [TEST_CASE][PASSED] - Test Cases/Day1/2020_01_20_OrHM_Manual: Test Cases/Day1/2020_01_20_OrHM_Manual

2020-01-22 15:06:16 - [TEST_STEP][PASSED] - openBrowser(""): Browser is opened with url: ''

2020-01-22 15:06:17 - [MESSAGE][INFO] - Starting 'Chrome' driver

2020-01-22 15:06:17 - [MESSAGE][INFO] - Action delay is set to 0 seconds

2020-01-22 15:06:22 - [MESSAGE][PASSED] - Browser is opened with url: ''

2020-01-22 15:06:22 - [TEST_STEP][PASSED] - navigateToUrl("https://opensource-demo.orangehrmlive.com/index.php/auth/validateCredentials"): Navigate to 'https://opensource-demo.orangehrmlive.com/index.php/auth/validateCredentials' successfully

2020-01-22 15:06:28 - [MESSAGE][PASSED] - Navigate to 'https://opensource-demo.orangehrmlive.com/index.php/auth/validateCredentials' successfully

2020-01-22 15:06:28 - [TEST_STEP][PASSED] - setText(findTestObject("Page_OrangeHRM/input_txtUsername"), "Admin"): Text 'Admin' is set on object 'Object Repository/Page_OrangeHRM/input_txtUsername'

2020-01-22 15:06:28 - [MESSAGE][PASSED] - Text 'Admin' is set on object 'Object Repository/Page_OrangeHRM/input_txtUsername'

2020-01-22 15:06:28 - [TEST_STEP][PASSED] - setText(findTestObject("Page_OrangeHRM/input_txtPassword"), "admin123"): Text 'admin123' is set on object 'Object Repository/Page_OrangeHRM/input_txtPassword'

2020-01-22 15:06:28 - [MESSAGE][PASSED] - Text 'admin123' is set on object 'Object Repository/Page_OrangeHRM/input_txtPassword'

2020-01-22 15:06:28 - [TEST_STEP][PASSED] - click(findTestObject("Page_OrangeHRM/input_Password_Submit", ["variable":""Login""])): Object: 'Object Repository/Page_OrangeHRM/input_Password_Submit' is clicked on

2020-01-22 15:06:38 - [MESSAGE][PASSED] - Object: 'Object Repository/Page_OrangeHRM/input_Password_Submit' is clicked on]]></system-out>
         <system-err><![CDATA[]]></system-err>
      </testcase>
      <testcase name="Test Cases/Day1/2020_01_20_TestCases1" classname="Test Cases/Day1/2020_01_20_TestCases1" status="PASSED">
         <system-out><![CDATA[2020-01-22 15:06:38 - [TEST_CASE][PASSED] - Test Cases/Day1/2020_01_20_TestCases1: Test Cases/Day1/2020_01_20_TestCases1

2020-01-22 15:06:38 - [TEST_STEP][PASSED] - openBrowser(""): Browser is opened with url: ''

2020-01-22 15:06:38 - [MESSAGE][WARNING] - A browser is already opened. Closing browser and opening a new one

2020-01-22 15:06:39 - [MESSAGE][INFO] - Starting 'Chrome' driver

2020-01-22 15:06:43 - [MESSAGE][PASSED] - Browser is opened with url: ''

2020-01-22 15:06:43 - [TEST_STEP][PASSED] - navigateToUrl("https://katalon-demo-cura.herokuapp.com/"): Navigate to 'https://katalon-demo-cura.herokuapp.com/' successfully

2020-01-22 15:06:46 - [MESSAGE][PASSED] - Navigate to 'https://katalon-demo-cura.herokuapp.com/' successfully

2020-01-22 15:06:46 - [TEST_STEP][PASSED] - click(findTestObject("Object Repository/Page_CURA Healthcare Service/a_Make Appointment")): Object: 'Object Repository/Page_CURA Healthcare Service/a_Make Appointment' is clicked on

2020-01-22 15:06:47 - [MESSAGE][PASSED] - Object: 'Object Repository/Page_CURA Healthcare Service/a_Make Appointment' is clicked on

2020-01-22 15:06:47 - [TEST_STEP][PASSED] - setText(findTestObject("Object Repository/Page_CURA Healthcare Service/input_Username_username"), "John Doe"): Text 'John Doe' is set on object 'Object Repository/Page_CURA Healthcare Service/input_Username_username'

2020-01-22 15:06:47 - [MESSAGE][PASSED] - Text 'John Doe' is set on object 'Object Repository/Page_CURA Healthcare Service/input_Username_username'

2020-01-22 15:06:47 - [TEST_STEP][PASSED] - setEncryptedText(findTestObject("Object Repository/Page_CURA Healthcare Service/input_Password_password"), "g3/DOGG74jC3Flrr3yH+3D/yKbOqqUNM"): Text ****** has been set on object 'Object Repository/Page_CURA Healthcare Service/input_Password_password'

2020-01-22 15:06:47 - [MESSAGE][PASSED] - Text ****** has been set on object 'Object Repository/Page_CURA Healthcare Service/input_Password_password'

2020-01-22 15:06:47 - [TEST_STEP][PASSED] - click(findTestObject("Object Repository/Page_CURA Healthcare Service/button_Login")): Object: 'Object Repository/Page_CURA Healthcare Service/button_Login' is clicked on

2020-01-22 15:06:48 - [MESSAGE][PASSED] - Object: 'Object Repository/Page_CURA Healthcare Service/button_Login' is clicked on

2020-01-22 15:06:48 - [TEST_STEP][PASSED] - click(findTestObject("Object Repository/Page_CURA Healthcare Service/input_Apply for hospital readmission_hospital_readmission")): Object: 'Object Repository/Page_CURA Healthcare Service/input_Apply for hospital readmission_hospital_readmission' is clicked on

2020-01-22 15:06:48 - [MESSAGE][PASSED] - Object: 'Object Repository/Page_CURA Healthcare Service/input_Apply for hospital readmission_hospital_readmission' is clicked on

2020-01-22 15:06:48 - [TEST_STEP][PASSED] - click(findTestObject("Object Repository/Page_CURA Healthcare Service/span_Visit Date (Required)_glyphicon glyphicon-calendar")): Object: 'Object Repository/Page_CURA Healthcare Service/span_Visit Date (Required)_glyphicon glyphicon-calendar' is clicked on

2020-01-22 15:06:48 - [MESSAGE][PASSED] - Object: 'Object Repository/Page_CURA Healthcare Service/span_Visit Date (Required)_glyphicon glyphicon-calendar' is clicked on

2020-01-22 15:06:48 - [TEST_STEP][PASSED] - click(findTestObject("Object Repository/Page_CURA Healthcare Service/td_8")): Object: 'Object Repository/Page_CURA Healthcare Service/td_8' is clicked on

2020-01-22 15:06:48 - [MESSAGE][PASSED] - Object: 'Object Repository/Page_CURA Healthcare Service/td_8' is clicked on

2020-01-22 15:06:48 - [TEST_STEP][PASSED] - setText(findTestObject("Object Repository/Page_CURA Healthcare Service/textarea_Comment_comment"), "Testing"): Text 'Testing' is set on object 'Object Repository/Page_CURA Healthcare Service/textarea_Comment_comment'

2020-01-22 15:06:48 - [MESSAGE][PASSED] - Text 'Testing' is set on object 'Object Repository/Page_CURA Healthcare Service/textarea_Comment_comment'

2020-01-22 15:06:48 - [TEST_STEP][PASSED] - click(findTestObject("Object Repository/Page_CURA Healthcare Service/span_Visit Date (Required)_glyphicon glyphicon-calendar")): Object: 'Object Repository/Page_CURA Healthcare Service/span_Visit Date (Required)_glyphicon glyphicon-calendar' is clicked on

2020-01-22 15:06:48 - [MESSAGE][PASSED] - Object: 'Object Repository/Page_CURA Healthcare Service/span_Visit Date (Required)_glyphicon glyphicon-calendar' is clicked on

2020-01-22 15:06:48 - [TEST_STEP][PASSED] - click(findTestObject("Object Repository/Page_CURA Healthcare Service/td_31")): Object: 'Object Repository/Page_CURA Healthcare Service/td_31' is clicked on

2020-01-22 15:06:49 - [MESSAGE][PASSED] - Object: 'Object Repository/Page_CURA Healthcare Service/td_31' is clicked on

2020-01-22 15:06:49 - [TEST_STEP][PASSED] - click(findTestObject("Object Repository/Page_CURA Healthcare Service/button_Book Appointment")): Object: 'Object Repository/Page_CURA Healthcare Service/button_Book Appointment' is clicked on

2020-01-22 15:06:49 - [MESSAGE][PASSED] - Object: 'Object Repository/Page_CURA Healthcare Service/button_Book Appointment' is clicked on

2020-01-22 15:06:49 - [TEST_STEP][PASSED] - click(findTestObject("Object Repository/Page_CURA Healthcare Service/a_Go to Homepage")): Object: 'Object Repository/Page_CURA Healthcare Service/a_Go to Homepage' is clicked on

2020-01-22 15:06:50 - [MESSAGE][PASSED] - Object: 'Object Repository/Page_CURA Healthcare Service/a_Go to Homepage' is clicked on]]></system-out>
         <system-err><![CDATA[]]></system-err>
      </testcase>
      <testcase name="Test Cases/Day1/Script Mode" classname="Test Cases/Day1/Script Mode" status="PASSED">
         <system-out><![CDATA[2020-01-22 15:06:50 - [TEST_CASE][PASSED] - Test Cases/Day1/Script Mode: Test Cases/Day1/Script Mode

2020-01-22 15:06:50 - [TEST_STEP][PASSED] - openBrowser(""): Browser is opened with url: ''

2020-01-22 15:06:50 - [MESSAGE][WARNING] - A browser is already opened. Closing browser and opening a new one

2020-01-22 15:06:50 - [MESSAGE][INFO] - Starting 'Chrome' driver

2020-01-22 15:06:55 - [MESSAGE][PASSED] - Browser is opened with url: ''

2020-01-22 15:06:55 - [TEST_STEP][PASSED] - navigateToUrl("https://opensource-demo.orangehrmlive.com/index.php/auth/validateCredentials"): Navigate to 'https://opensource-demo.orangehrmlive.com/index.php/auth/validateCredentials' successfully

2020-01-22 15:06:58 - [MESSAGE][PASSED] - Navigate to 'https://opensource-demo.orangehrmlive.com/index.php/auth/validateCredentials' successfully

2020-01-22 15:06:58 - [TEST_STEP][PASSED] - setText(findTestObject("Page_OrangeHRM/input_txtUsername"), "Admin"): Text 'Admin' is set on object 'Object Repository/Page_OrangeHRM/input_txtUsername'

2020-01-22 15:06:58 - [MESSAGE][PASSED] - Text 'Admin' is set on object 'Object Repository/Page_OrangeHRM/input_txtUsername'

2020-01-22 15:06:58 - [TEST_STEP][PASSED] - setText(findTestObject("Page_OrangeHRM/input_txtPassword"), "admin123"): Text 'admin123' is set on object 'Object Repository/Page_OrangeHRM/input_txtPassword'

2020-01-22 15:06:58 - [MESSAGE][PASSED] - Text 'admin123' is set on object 'Object Repository/Page_OrangeHRM/input_txtPassword'

2020-01-22 15:06:58 - [TEST_STEP][PASSED] - click(findTestObject("Page_OrangeHRM/input_Password_Submit", ["variable":""Login""])): Object: 'Object Repository/Page_OrangeHRM/input_Password_Submit' is clicked on

2020-01-22 15:07:00 - [MESSAGE][PASSED] - Object: 'Object Repository/Page_OrangeHRM/input_Password_Submit' is clicked on]]></system-out>
         <system-err><![CDATA[]]></system-err>
      </testcase>
      <system-out><![CDATA[2020-01-22 15:06:15 - [TEST_SUITE][PASSED] - New Test Suite: Test Cases/Day1/Script Mode]]></system-out>
      <system-err><![CDATA[]]></system-err>
   </testsuite>
</testsuites>
